MPASM  5.43                          PRO1.ASM   6-20-2025  15:48:26         PAGE  1


LOC  OBJECT CODE     LINE SOURCE TEXT
  VALUE

                      00001 ;Hala Ziq 1191637
                      00002 ;Aya Saad 1191334
                      00003 ;Raghad Afaghani 1192423
                      00004 ;Tareq Ewaida 1192363
                      00005                 LIST P=16F877A
                      00006                 #include <p16f877a.inc>
                      00001         LIST
                      00002 
                      00003 ;==========================================================================
                      00004 ;  MPASM PIC16F877A processor include
                      00005 ; 
                      00006 ;  (c) Copyright 1999-2011 Microchip Technology, All rights reserved
                      00007 ;==========================================================================
                      00008 
                      00564         LIST
                      00007                 
2007   3FF2           00008                 __CONFIG _CP_OFF & _WDT_OFF & _PWRTE_ON & _HS_OSC
                      00009                 ;__CONFIG _CP_OFF & _WDT_OFF & _BODEN_OFF & _PWRTE_ON & _INTOSC_OSC_NOCLKOUT & _MCLRE_OF
                            F & _LVP_OFF & _CPD_OFF & _WRT_OFF
                      00010                 
                      00011                 
                      00012                 ORG 0x00
0000   2???           00013                 GOTO START
                      00014        
Warning[207]: Found label after column 1. (LCD_DATA)
  00000008            00015                 LCD_DATA EQU PORTD
Warning[207]: Found label after column 1. (LCD_CTRL)
  00000008            00016                 LCD_CTRL EQU PORTD
Warning[207]: Found label after column 1. (RS)
  00000000            00017                 RS EQU RD0
Warning[207]: Found label after column 1. (RW)
  00000001            00018                 RW EQU RD1
Warning[207]: Found label after column 1. (EN)
  00000002            00019                 EN EQU RD2
                      00020 ;------ Temporary  Locations
Warning[207]: Found label after column 1. (T1)
  00000030            00021                 T1 EQU 30H  ; for Ten1 digit of number1
Warning[207]: Found label after column 1. (U1)
  00000031            00022                 U1 EQU 31H   ;for Unit digit of number1
Warning[207]: Found label after column 1. (T2)
  00000032            00023                 T2 EQU 32H   ;for Ten digit of number 2
Warning[207]: Found label after column 1. (U2)
  00000033            00024                 U2 EQU 33H   ;for Unit Digit of Number2
Warning[207]: Found label after column 1. (NUM1)
  00000034            00025                 NUM1 EQU 34H   ;for Number1
Warning[207]: Found label after column 1. (NUM2)
  00000035            00026         NUM2 EQU 35H   ;for Number 2
Warning[207]: Found label after column 1. (R1)
  00000036            00027         R1 EQU 36H   ;for R1 (unit digit of result)
Warning[207]: Found label after column 1. (R2)
  00000037            00028         R2 EQU 37H   ;for R2 (tenth digit of result )
Warning[207]: Found label after column 1. (R3)
  00000038            00029         R3 EQU 38H   ;for R3 (Hundred digit of Result )
MPASM  5.43                          PRO1.ASM   6-20-2025  15:48:26         PAGE  2


LOC  OBJECT CODE     LINE SOURCE TEXT
  VALUE

Warning[207]: Found label after column 1. (R4)
  00000039            00030         R4 EQU 39H       ;for R4 (Thousand digit of Result )
Warning[207]: Found label after column 1. (QU)
  00000040            00031         QU EQU 40H       ;for quotient ( will be used while dividing by 10)
Warning[207]: Found label after column 1. (RE)
  00000041            00032         RE EQU 41H   ;for remainder (will be used while dividing by 10)
Warning[207]: Found label after column 1. (R22)
  00000042            00033                 R22 EQU 42H  ;for R2 (Ten digit of result) recieved from co processor
Warning[207]: Found label after column 1. (R33)
  00000043            00034         R33 EQU 43H  ;for R3 (Hundred  digit ) recieved from co processor
Warning[207]: Found label after column 1. (R44)
  00000044            00035         R44 EQU 44H
Warning[207]: Found label after column 1. (TEMP)
  00000045            00036         TEMP EQU 45H  ; temporary location
Warning[207]: Found label after column 1. (AA)
  00000005            00037                 AA EQU D'5'   ; Number of Delays is called adjusting from one digit to other digit while
                             entering Numbers
                      00038 
Warning[207]: Found label after column 1. (TX_Ack)
  00000006            00039         TX_Ack EQU RB6 ; acknolwedgement pin for transfer
Warning[207]: Found label after column 1. (RX_Ack)
  00000007            00040                 RX_Ack EQU RB7 ; acknowledgemetn pin for recepetion
                      00041 
                      00042 
                      00043                 
                      00044                 
0001                  00045 START
                      00046                 ; Initialize ports
0001   1683           00047                 BSF STATUS, RP0       ; Bank 1
0002   3081           00048                 MOVLW 81H
Message[302]: Register in operand not in bank 0.  Ensure that bank bits are correct.
0003   0086           00049                 MOVWF TRISB            ; Set PORTB as output except RB0,RB7
Message[302]: Register in operand not in bank 0.  Ensure that bank bits are correct.
0004   0188           00050                 CLRF TRISD             ; Set PORTD as output
Message[302]: Register in operand not in bank 0.  Ensure that bank bits are correct.
0005   0187           00051                 CLRF TRISC             ; Set PORTC as output
0006   1283           00052                 BCF STATUS, RP0        ; Bank 0
0007   0186           00053                 CLRF PORTB
0008   0188           00054                 CLRF PORTD
0009   30FF           00055                 MOVLW 0xFF
000A   0087           00056                 MOVWF PORTC
                      00057                  
                      00058 
                      00059           
                      00060                 
000B   1108           00061                 BCF LCD_CTRL,EN         ; setting up time for  LCD
000C   2???           00062                 CALL DELAY25 
                      00063  
000D   3002           00064         MOVLW 0x02      ;For 4-bit LCD
000E   2???           00065                 CALL COMNWRT
000F   2???           00066                 CALL DELAY25
                      00067                 
0010   3028           00068                 MOVLW 0x28      ;Adjusting 4-bit  5x8 character LCD
MPASM  5.43                          PRO1.ASM   6-20-2025  15:48:26         PAGE  3


LOC  OBJECT CODE     LINE SOURCE TEXT
  VALUE

0011   2???           00069                 CALL COMNWRT
0012   2???           00070                 CALL DELAY25
0013                  00071 REP1
0013   3003           00072                 MOVLW D'3'      ; number of time welcome message is repeated
0014   0081           00073                 MOVWF 01H
0015                  00074 MREP
                      00075                 
0015   3001           00076                 MOVLW 01H    ;clear screen
0016   2???           00077                 CALL COMNWRT
0017   2???           00078                 CALL DELAY15
0018   2???           00079                 CALL DELAY1S
0019   300E           00080                 MOVLW 0EH    ;Diplay on Cursor blinking
001A   2???           00081                 CALL COMNWRT
001B   2???           00082                 CALL DELAY15
001C   3006           00083                 MOVLW 06H    ;Increment cursor  
001D   2???           00084                 CALL COMNWRT
001E   2???           00085                 CALL DELAY15
001F   3080           00086                 MOVLW 80H    ;First character on first line[Welcome To]
0020   2???           00087                 CALL COMNWRT
0021   2???           00088                 CALL DELAY15
0022   2???           00089                 CALL WLCMESSAGE
0023   30C0           00090                 MOVLW 0C0H    ;first charater on second line [Multiplication]
0024   2???           00091                 CALL COMNWRT
0025   2???           00092                 CALL DELAY15
0026   2???           00093                 CALL MULMESSAGE
Message[305]: Using default destination of 1 (file).
0027   0B81           00094                 DECFSZ 01H ;Dec 3-peat counter
0028   2???           00095                 GOTO MREP
                      00096                 ;step 2
                      00097                 ;--------Number1-------------
0029   3001           00098                 MOVLW 01H   ;clear screen
002A   2???           00099                 CALL COMNWRT
002B   2???           00100                 CALL DELAY15
002C   2???           00101                 CALL DELAY1S
002D   300E           00102                 MOVLW 0EH   ;Diplay on Cursor blinking
002E   2???           00103                 CALL COMNWRT
002F   2???           00104                 CALL DELAY15
0030   3006           00105                 MOVLW 06h    ;increment cursor  
0031   2???           00106                 CALL COMNWRT
0032   2???           00107                 CALL DELAY15
0033   3080           00108                 MOVLW 80H     ;first character on first line 
0034   2???           00109                 CALL COMNWRT
0035   2???           00110                 CALL DELAY15
0036                  00111 AGAIN
                      00112                 ; Initialize ports
0036   1683           00113                 BSF STATUS, RP0       ; Bank 1
0037   3081           00114                 MOVLW 81H
Message[302]: Register in operand not in bank 0.  Ensure that bank bits are correct.
0038   0086           00115                 MOVWF TRISB            ; Set PORTB as output except RB0,RB7
Message[302]: Register in operand not in bank 0.  Ensure that bank bits are correct.
0039   0188           00116                 CLRF TRISD             ; Set PORTD as output
Message[302]: Register in operand not in bank 0.  Ensure that bank bits are correct.
003A   0187           00117                 CLRF TRISC             ; Set PORTC as output
MPASM  5.43                          PRO1.ASM   6-20-2025  15:48:26         PAGE  4


LOC  OBJECT CODE     LINE SOURCE TEXT
  VALUE

003B   1283           00118                 BCF STATUS, RP0        ; Bank 0
003C   0186           00119                 CLRF PORTB
003D   0188           00120                 CLRF PORTD
003E   30FF           00121                 MOVLW 0xFF
003F   0087           00122                 MOVWF PORTC
                      00123                  
                      00124 
0040   3001           00125                 MOVLW 01H    ;clear screen
0041   2???           00126                 CALL COMNWRT
0042   2???           00127                 CALL DELAY15
0043   2???           00128                 CALL DELAY1S
0044   300E           00129                 MOVLW 0EH    ;Diplay on Cursor blinking
0045   2???           00130                 CALL COMNWRT
0046   2???           00131                 CALL DELAY15
0047   3006           00132                 MOVLW 06H    ;Increment cursor  
0048   2???           00133                 CALL COMNWRT
0049   2???           00134                 CALL DELAY15
                      00135                 
004A   2???           00136                 CALL PrintNUM1
                      00137         
004B   3005           00138                 MOVLW AA
004C   0081           00139                 MOVWF 01H  ; SAVING number of time delay has been called
                      00140                 
004D   3030           00141                 MOVLW 0x30
004E   00B0           00142                 MOVWF T1  ;saving tenth of first number
                      00143                 
004F   2???           00144                 CALL TEN1  ; calling subroutine to collect ten digit of number 1
0050   3030           00145                 MOVLW 30H
0051   02B0           00146         SUBWF T1,1
                      00147                 ;step 3
                      00148                 ;-------Unit
0052   3005           00149         MOVLW AA
0053   0081           00150                 MOVWF 01H  ; SAVING number of time delay has been called
                      00151                 
0054   3030           00152                 MOVLW 0x30
0055   00B1           00153                 MOVWF U1  ;saving tenth of first number
                      00154                 
0056   2???           00155                 CALL UNIT1 ; calling subroutine to collect Unit digit of number 1
0057   3030           00156                 MOVLW 30H
0058   02B1           00157         SUBWF U1,1
                      00158         ;step 4  
                      00159                 ;--- multiplication symble X
0059   3001           00160                 MOVLW 01H   ;clear screen
005A   2???           00161                 CALL COMNWRT
005B   2???           00162                 CALL DELAY15
005C   3058           00163         MOVLW A'X'  ; printing X symbol
005D   2???           00164         CALL send
005E   2???           00165         CALL DELAY1S
                      00166        ;step 5
                      00167                 ;------ Number2
005F   3001           00168         MOVLW 01H   ;clear screen
0060   2???           00169                 CALL COMNWRT
0061   2???           00170                 CALL DELAY15
MPASM  5.43                          PRO1.ASM   6-20-2025  15:48:26         PAGE  5


LOC  OBJECT CODE     LINE SOURCE TEXT
  VALUE

                      00171                 
0062   2???           00172                 CALL PrintNUM2 ;calling subroutine to print num2
                      00173             ;step 6
                      00174         
0063   3005           00175                 MOVLW AA
0064   0081           00176                 MOVWF 01H  ; SAVING number of time delay has been called
                      00177                 
0065   3030           00178                 MOVLW 0x30
0066   00B2           00179                 MOVWF T2  ;saving tenth of first number
                      00180                 
0067   2???           00181                 CALL TEN2 ; calling subroutine to collect ten digit of number 2
0068   3030           00182                 MOVLW 30H
0069   02B2           00183         SUBWF T2,1
                      00184 
006A   3005           00185         MOVLW AA
006B   0081           00186                 MOVWF 01H  ; SAVING number of time delay has been called
                      00187                 
006C   3030           00188                 MOVLW 0x30
006D   00B3           00189                 MOVWF U2  ;saving tenth of first number
                      00190                 
006E   2???           00191                 CALL UNIT2 ; calling subroutine to collect Unit digit of number 1
006F   3030           00192                 MOVLW 30H
0070   02B3           00193         SUBWF U2,1
                      00194         ;step 7
                      00195                 ;------ Processing
                      00196 
                      00197   ; binding T1,U1 to form PrintNUM1   ;will be used to transmit num1 in one shot
0071   0830           00198       MOVF T1,W
0072   00B4           00199       MOVWF NUM1
Message[305]: Using default destination of 1 (file).
0073   0EB4           00200       SWAPF NUM1
0074   0831           00201       MOVF U1,W
0075   04B4           00202       IORWF NUM1,F
                      00203       
                      00204 
                      00205 
                      00206  
                      00207    ;------ displaying '=' SYMBOL------------
0076   3001           00208         MOVLW 01H    ;clear screen
0077   2???           00209                 CALL COMNWRT
0078   2???           00210                 CALL DELAY15
0079   2???           00211                 CALL DELAY1S
007A   300E           00212                 MOVLW 0EH    ;Diplay on Cursor blinking
007B   2???           00213                 CALL COMNWRT
007C   2???           00214                 CALL DELAY15
                      00215 
007D   3006           00216                 MOVLW 06H    ;Increment cursor  
007E   2???           00217                 CALL COMNWRT
007F   2???           00218                 CALL DELAY15
                      00219 
0080   3080           00220                 MOVLW 80H    ;First character on first line 
0081   2???           00221                 CALL COMNWRT
0082   2???           00222                 CALL DELAY15
MPASM  5.43                          PRO1.ASM   6-20-2025  15:48:26         PAGE  6


LOC  OBJECT CODE     LINE SOURCE TEXT
  VALUE

                      00223 
0083   3027           00224         MOVLW 27H  ;ascci symbol of '
0084   2???           00225                 CALL send
0085   2???           00226                 CALL DELAY15
                      00227 
0086   303D           00228         MOVLW A'='
0087   2???           00229         CALL send
0088   2???           00230         CALL DELAY15
                      00231 
0089   3027           00232         MOVLW 27H ;ascci symbol of '
008A   2???           00233                 CALL send
008B   2???           00234                 CALL DELAY15
                      00235 
                      00236 ;------------Sending num1 in one shot to co processor 
                      00237 
008C   0834           00238                 MOVF NUM1,W
008D   0087           00239                 MOVWF PORTC       ;sending NUM1
008E   1706           00240         BSF PORTB,TX_Ack   ;sending acknowledgment to Coprocessor
Warning[207]: Found label after column 1. (Chk_Ack)
008F                  00241                 Chk_Ack
008F   1F86           00242                 BTFSS PORTB,RX_Ack   ; checking for Coprocessors acknowledgment.
0090   2???           00243                 GOTO Chk_Ack
                      00244                 
0091   1306           00245                 BCF PORTB,TX_Ack   ; sending signal (0) to co processors before transmission of unit of 
                            num2
                      00246 
0092   2???           00247         CALL DELAY25   ; Just to synch the coprocessor
                      00248 
                      00249           ;Sending U2 to co processor 
0093   0833           00250                 MOVF U2,W
0094   0087           00251                 MOVWF PORTC       ;sending U2
0095   1706           00252         BSF PORTB,TX_Ack    ;sending acknowledgment to Coprocessor
Warning[207]: Found label after column 1. (Chk_Ack1)
0096                  00253                 Chk_Ack1
0096   1F86           00254                 BTFSS PORTB,RX_Ack   ; checking for Coprocessors acknowledgment.
0097   2???           00255                 GOTO Chk_Ack1
                      00256 
0098   1306           00257          BCF PORTB, TX_Ack    ;sinding signal 0 to coproessor 
0099   2???           00258          CALL DELAY25
                      00259 
                      00260 
                      00261         
                      00262 
                      00263       ;---- multiplication of U1 with T2 (Ten of num2)
                      00264        
009A   0832           00265       MOVF T2,W            ; adding U1 in loop T2 times.
009B   0080           00266       MOVWF 00H
009C   0103           00267       CLRW 
009D                  00268 Rep_ADD
009D   0731           00269       ADDWF U1,W
Message[305]: Using default destination of 1 (file).
009E   0B80           00270       DECFSZ 00H
009F   2???           00271       GOTO Rep_ADD 
MPASM  5.43                          PRO1.ASM   6-20-2025  15:48:26         PAGE  7


LOC  OBJECT CODE     LINE SOURCE TEXT
  VALUE

                      00272                      ;dividing by d'10' to find quotion and remainder and saving values in result approp
                            riately
00A0   00C1           00273       MOVWF RE
00A1   01C0           00274       CLRF QU
00A2   300A           00275       MOVLW 0x0A
00A3                  00276 DIV1
00A3   02C1           00277       SUBWF RE,F
Message[305]: Using default destination of 1 (file).
00A4   0AC0           00278       INCF QU
                      00279 
00A5   1FC1           00280       BTFSS RE,7
00A6   2???           00281       GOTO DIV1
00A7   07C1           00282       ADDWF RE,F
Message[305]: Using default destination of 1 (file).
00A8   03C0           00283       DECF QU
                      00284 
00A9   0841           00285       MOVF RE,W
00AA   00B7           00286       MOVWF R2
00AB   0840           00287       MOVF QU,W
00AC   00B8           00288       MOVWF R3
                      00289 
                      00290 
                      00291 ;---- multiplication of T1 with T2 (Ten of num2)
                      00292        
00AD   0832           00293       MOVF T2,W   ; adding T1 in loop T2 times.
00AE   0080           00294       MOVWF 00H
00AF   0103           00295       CLRW 
00B0                  00296 Rep_ADD2
00B0   0730           00297       ADDWF T1,W
Message[305]: Using default destination of 1 (file).
00B1   0B80           00298       DECFSZ 00H
00B2   2???           00299       GOTO Rep_ADD2
                      00300 ;dividing by d'10' to find quotion and remainder and saving values in result appropriately
00B3   00C1           00301       MOVWF RE
00B4   01C0           00302       CLRF QU
00B5   300A           00303       MOVLW 0x0A
00B6                  00304 DIV2
00B6   02C1           00305       SUBWF RE,F
Message[305]: Using default destination of 1 (file).
00B7   0AC0           00306       INCF QU
                      00307 
00B8   1FC1           00308       BTFSS RE,7
00B9   2???           00309       GOTO DIV2
00BA   07C1           00310       ADDWF RE,F
Message[305]: Using default destination of 1 (file).
00BB   03C0           00311       DECF QU
                      00312       
00BC   0840           00313       MOVF QU,W
00BD   00B9           00314       MOVWF R4
                      00315 
00BE   0841           00316       MOVF RE,W
00BF   07B8           00317       ADDWF R3,F
00C0   1803           00318       BTFSC STATUS,C
MPASM  5.43                          PRO1.ASM   6-20-2025  15:48:26         PAGE  8


LOC  OBJECT CODE     LINE SOURCE TEXT
  VALUE

Message[305]: Using default destination of 1 (file).
00C1   0AB9           00319       INCF R4
                      00320      
                      00321       
                      00322         ;reconfiguring PORTC as input
00C2   1683           00323         BSF STATUS,RP0
00C3   30FF           00324         MOVLW 0xFF
Message[302]: Register in operand not in bank 0.  Ensure that bank bits are correct.
00C4   0087           00325                 MOVWF TRISC 
00C5   1283           00326         BCF STATUS,RP0
                      00327 
                      00328 
                      00329     ; Receiving R1
00C6                  00330 chck_Ack2
00C6   1F86           00331                 BTFSS PORTB,RX_Ack    ;Waiting for signl 1 from coprocessor
00C7   2???           00332         GOTO chck_Ack2
                      00333         
00C8   0807           00334                 MOVF PORTC,W          ;copying the data from portc to R1
00C9   00B6           00335                 MOVWF R1
00CA   1706           00336                 BSF PORTB,TX_Ack         ;Sendiing 1 to acknowledge
00CB                  00337 chck_Ack3
00CB   1B86           00338                 BTFSC PORTB,RX_Ack   ;waiting for signal  0 
00CC   2???           00339         GOTO chck_Ack3
00CD   1306           00340         BCF PORTB,TX_Ack     ;sending signl 0
                      00341 
                      00342     ; Receiving R22
00CE                  00343 chck_Ack4
00CE   1F86           00344                 BTFSS PORTB,RX_Ack    ;Waiting for signl 1 from coprocessor
00CF   2???           00345         GOTO chck_Ack4
                      00346         
00D0   0807           00347                 MOVF PORTC,W          ;copying the data from portc to R22
00D1   00C2           00348                 MOVWF R22
00D2   1706           00349                 BSF PORTB,TX_Ack         ;Sendiing 1 to acknowledge
00D3                  00350 chck_Ack5
00D3   1B86           00351                 BTFSC PORTB,RX_Ack   ;waiting for signal  0 
00D4   2???           00352         GOTO chck_Ack5
00D5   1306           00353         BCF PORTB,TX_Ack     ;sending signl 0
                      00354     ; Receiving R33
00D6                  00355 chck_Ack6
00D6   1F86           00356                 BTFSS PORTB,RX_Ack    ;Waiting for signl 1 from coprocessor
00D7   2???           00357         GOTO chck_Ack6
                      00358         
00D8   0807           00359                 MOVF PORTC,W          ;copying the data from portc to R33
00D9   00C3           00360                 MOVWF R33
00DA   1706           00361                 BSF PORTB,TX_Ack         ;Sendiing 1 to acknowledge
00DB                  00362 chck_Ack7
00DB   1B86           00363                 BTFSC PORTB,RX_Ack   ;waiting for signal  0 
00DC   2???           00364         GOTO chck_Ack7
00DD   1306           00365         BCF PORTB,TX_Ack     ;sending signl 0
                      00366 
                      00367 
                      00368   ;--- ADJUSTING SUMS
                      00369    
MPASM  5.43                          PRO1.ASM   6-20-2025  15:48:26         PAGE  9


LOC  OBJECT CODE     LINE SOURCE TEXT
  VALUE

                      00370    ;; adjustment of R2---------
00DE   0837           00371           MOVF R2,W
00DF   07C2           00372       ADDWF R22,F
                      00373       
00E0   0842           00374       MOVF R22,W
00E1   00C1           00375       MOVWF RE
                      00376 
                      00377 
00E2   01C0           00378       CLRF QU
00E3   300A           00379       MOVLW 0x0A
00E4                  00380 DIV3
Message[305]: Using default destination of 1 (file).
00E4   0AC0           00381       INCF QU
00E5   02C1           00382       SUBWF RE,F
00E6   1FC1           00383       BTFSS RE,7
00E7   2???           00384       GOTO DIV3
Message[305]: Using default destination of 1 (file).
00E8   03C0           00385       DECF QU
00E9   07C1           00386       ADDWF RE,F
                      00387 
00EA   0841           00388       MOVF RE,W
00EB   00B7           00389       MOVWF R2
00EC   0840           00390       MOVF QU,W
                      00391 
                      00392 
                      00393    ;; adjustment of  from R3---------
                      00394     
00ED   07B8           00395      ADDWF R3,F
00EE   0843           00396      MOVF R33,W
00EF   07B8           00397      ADDWF R3,F
                      00398 
                      00399 
                      00400      
00F0   0838           00401      MOVF R3,W
00F1   00C1           00402      MOVWF RE
                      00403 
00F2   01C0           00404      CLRF QU
00F3   300A           00405      MOVLW 0x0A
00F4                  00406 DIV4
Message[305]: Using default destination of 1 (file).
00F4   0AC0           00407          INCF QU
00F5   02C1           00408          SUBWF RE,F
00F6   1FC1           00409      BTFSS RE,7
00F7   2???           00410      GOTO DIV4
Message[305]: Using default destination of 1 (file).
00F8   03C0           00411      DECF QU
00F9   07C1           00412      ADDWF RE,F
                      00413 
00FA   0841           00414      MOVF RE,W
00FB   00B8           00415      MOVWF R3
                      00416      
                      00417     
                      00418 ;; Ajdustment  of R4
MPASM  5.43                          PRO1.ASM   6-20-2025  15:48:26         PAGE 10


LOC  OBJECT CODE     LINE SOURCE TEXT
  VALUE

                      00419 
00FC   0840           00420     MOVF QU,W
00FD   07B9           00421     ADDWF R4,F
                      00422 
                      00423     ; Displaying result
00FE   3001           00424                 MOVLW 01H    ;clear screen
00FF   2???           00425                 CALL COMNWRT
0100   2???           00426                 CALL DELAY15
0101   2???           00427                 CALL DELAY1S
0102   300E           00428                 MOVLW 0EH    ;Diplay on Cursor blinking
0103   2???           00429                 CALL COMNWRT
0104   2???           00430                 CALL DELAY15
0105   3006           00431                 MOVLW 06H    ;Increment cursor  
0106   2???           00432                 CALL COMNWRT
0107   2???           00433                 CALL DELAY15
0108   3080           00434                 MOVLW 80H    ;First character on first line 
0109   2???           00435                 CALL COMNWRT
010A   2???           00436                 CALL DELAY15
010B   2???           00437         CALL RESULT
                      00438         
010C   30C0           00439         MOVLW 0C0H   ;First character on first line 
010D   2???           00440                 CALL COMNWRT
010E   2???           00441                 CALL DELAY15
                      00442      
                      00443 
                      00444 
                      00445 
                      00446 
                      00447 ; Print testing for que and remainder
010F   3030           00448       MOVLW 30H
0110   07B7           00449       ADDWF R2,F
0111   07B8           00450       ADDWF R3,F
0112   07B9           00451       ADDWF R4,F
0113   07B6           00452           ADDWF R1,F
                      00453 
                      00454    
0114   0839           00455            MOVF  R4,W
0115   2???           00456       CALL send
0116   2???           00457       CALL DELAY15
                      00458 
0117   0838           00459           MOVF  R3,W
0118   2???           00460       CALL send
0119   2???           00461       CALL DELAY15
                      00462 ;
011A   0837           00463       MOVF  R2,W
011B   2???           00464       CALL send
011C   2???           00465       CALL DELAY15
                      00466 
                      00467 
011D   0836           00468           MOVF  R1,W
011E   2???           00469       CALL send
011F   2???           00470       CALL DELAY15
0120                  00471 STOP
MPASM  5.43                          PRO1.ASM   6-20-2025  15:48:26         PAGE 11


LOC  OBJECT CODE     LINE SOURCE TEXT
  VALUE

0120   1806           00472     BTFSC PORTB,0
0121   2???           00473     GOTO STOP
0122   2???           00474     GOTO AGAIN
                      00475 
                      00476         
0123                  00477 TEN1
                      00478       ;Start_Ten1
0123   30C0           00479                 MOVLW 0C0H    ;first charater on second line
0124   2???           00480                 CALL COMNWRT
0125   2???           00481                 CALL DELAY15
                      00482                 
0126   0830           00483                 MOVF T1,W
0127   2???           00484                 CALL send
0128   2???           00485                 CALL DELAY15
                      00486                         
0129   1806           00487                 BTFSC PORTB,0
012A   2???           00488                 GOTO SKIP_INCR_TEN1
012B   2???           00489                 GOTO INCR_TEN1
                      00490                 
012C                  00491 SKIP_INCR_TEN1
012C   2???           00492                 CALL DELAY25
Message[305]: Using default destination of 1 (file).
012D   0B81           00493                 DECFSZ 01H  ; decrement times press has been skipped to check if we excedded 2 secs
012E   2???           00494                 GOTO TEN1
012F   2???           00495         GOTO Exit_Ten1
                      00496         
0130                  00497 INCR_TEN1
                      00498 
Message[305]: Using default destination of 1 (file).
0130   0AB0           00499                 INCF T1
0131   0830           00500                 MOVF T1,W    ; to check if it is exceeding 9
0132   3A3A           00501                 XORLW 3AH
0133   1903           00502                 BTFSC STATUS,Z
0134   2???           00503         GOTO RESET_TEN
0135   3005           00504                 MOVLW AA
0136   0081           00505                 MOVWF 01H  ; SAVING number of time delay has been called)               
0137   2???           00506                 GOTO TEN1
0138                  00507 RESET_TEN 
0138   3030           00508                 MOVLW 30H
0139   00B0           00509                 MOVWF T1
013A   2???           00510                 GOTO TEN1
013B                  00511 Exit_Ten1
013B   0008           00512             RETURN
                      00513                 
013C                  00514 TEN2
                      00515       ;Start_Ten2
013C   30C0           00516                 MOVLW 0C0H    ;first charater on second line
013D   2???           00517                 CALL COMNWRT
013E   2???           00518                 CALL DELAY15
                      00519                 
013F   0832           00520                 MOVF T2,W
0140   2???           00521                 CALL send
0141   2???           00522                 CALL DELAY15
MPASM  5.43                          PRO1.ASM   6-20-2025  15:48:26         PAGE 12


LOC  OBJECT CODE     LINE SOURCE TEXT
  VALUE

                      00523                         
0142   1806           00524                 BTFSC PORTB,0
0143   2???           00525                 GOTO SKIP_INCR_TEN2
0144   2???           00526                 GOTO INCR_TEN2
                      00527                 
0145                  00528 SKIP_INCR_TEN2
0145   2???           00529                 CALL DELAY25
Message[305]: Using default destination of 1 (file).
0146   0B81           00530                 DECFSZ 01H  ; addition of delays 
0147   2???           00531                 GOTO TEN2
0148   2???           00532         GOTO Exit_Ten2
                      00533         
0149                  00534 INCR_TEN2
                      00535 
Message[305]: Using default destination of 1 (file).
0149   0AB2           00536                 INCF T2
014A   0832           00537                 MOVF T2,W    ; to check if it is exceeding 9
014B   3A3A           00538                 XORLW 3AH
014C   1903           00539                 BTFSC STATUS,Z
014D   2???           00540         GOTO RESET_TEN2
014E   3005           00541                 MOVLW AA
014F   0081           00542                 MOVWF 01H  ; SAVING number of time delay has been called)               
0150   2???           00543                 GOTO TEN2
0151                  00544 RESET_TEN2
0151   3030           00545                 MOVLW 30H
0152   00B2           00546                 MOVWF T2
0153   2???           00547                 GOTO TEN2
0154                  00548 Exit_Ten2
0154   0008           00549             RETURN
                      00550 
0155                  00551 UNIT1
                      00552       
0155   30C1           00553                 MOVLW 0C1H    ;first charater on second line
0156   2???           00554                 CALL COMNWRT
0157   2???           00555                 CALL DELAY15
                      00556                 
0158   0831           00557                 MOVF U1,W
0159   2???           00558                 CALL send
015A   2???           00559                 CALL DELAY15
                      00560                         
015B   1806           00561                 BTFSC PORTB,0
015C   2???           00562                 GOTO SKIP_INCR_UNIT1
015D   2???           00563                 GOTO INCR_UNIT1
                      00564                 
015E                  00565 SKIP_INCR_UNIT1
015E   2???           00566                 CALL DELAY25
Message[305]: Using default destination of 1 (file).
015F   0B81           00567                 DECFSZ 01H  ; addition of delays 
0160   2???           00568                 GOTO UNIT1
0161   2???           00569         GOTO Exit_Unit1
                      00570         
0162                  00571 INCR_UNIT1
                      00572 
MPASM  5.43                          PRO1.ASM   6-20-2025  15:48:26         PAGE 13


LOC  OBJECT CODE     LINE SOURCE TEXT
  VALUE

Message[305]: Using default destination of 1 (file).
0162   0AB1           00573                 INCF U1
0163   0831           00574                 MOVF U1,W    ; to check if it is exceeding 9
0164   3A3A           00575                 XORLW 3AH
0165   1903           00576                 BTFSC STATUS,Z
0166   2???           00577         GOTO RESET_UNIT1
0167   3005           00578                 MOVLW AA
0168   0081           00579                 MOVWF 01H  ; SAVING number of time delay has been called)               
0169   2???           00580                 GOTO UNIT1
016A                  00581 RESET_UNIT1
016A   3030           00582                 MOVLW 30H
016B   00B1           00583                 MOVWF U1
016C   2???           00584                 GOTO UNIT1
016D                  00585 Exit_Unit1
016D   0008           00586             RETURN
                      00587 
016E                  00588 UNIT2
                      00589       
016E   30C1           00590                 MOVLW 0C1H    ;first charater on second line
016F   2???           00591                 CALL COMNWRT
0170   2???           00592                 CALL DELAY15
                      00593                 
0171   0833           00594                 MOVF U2,W
0172   2???           00595                 CALL send
0173   2???           00596                 CALL DELAY15
                      00597                         
0174   1806           00598                 BTFSC PORTB,0
0175   2???           00599                 GOTO SKIP_INCR_UNIT2
0176   2???           00600                 GOTO INCR_UNIT2
                      00601                 
0177                  00602 SKIP_INCR_UNIT2
0177   2???           00603                 CALL DELAY25
Message[305]: Using default destination of 1 (file).
0178   0B81           00604                 DECFSZ 01H  ; addition of delays 
0179   2???           00605                 GOTO UNIT2
017A   2???           00606         GOTO Exit_Unit2
                      00607         
017B                  00608 INCR_UNIT2
                      00609 
Message[305]: Using default destination of 1 (file).
017B   0AB3           00610                 INCF U2
017C   0833           00611                 MOVF U2,W    ; to check if it is exceeding 9
017D   3A3A           00612                 XORLW 3AH
017E   1903           00613                 BTFSC STATUS,Z
017F   2???           00614         GOTO RESET_UNIT2
0180   3005           00615                 MOVLW AA
0181   0081           00616                 MOVWF 01H  ; SAVING number of time delay has been called)               
0182   2???           00617                 GOTO UNIT2
0183                  00618 RESET_UNIT2
0183   3030           00619                 MOVLW 30H
0184   00B3           00620                 MOVWF U2
0185   2???           00621                 GOTO UNIT2
0186                  00622 Exit_Unit2
MPASM  5.43                          PRO1.ASM   6-20-2025  15:48:26         PAGE 14


LOC  OBJECT CODE     LINE SOURCE TEXT
  VALUE

0186   0008           00623             RETURN
                      00624                 
                      00625                 
                      00626                 
                      00627                 
0187                  00628 DELAY1S
0187   3002           00629                 MOVLW D'2'
0188   0080           00630                 MOVWF 00H
Warning[207]: Found label after column 1. (ABC)
0189                  00631                 ABC
0189   2???           00632                 CALL DELAY25
Message[305]: Using default destination of 1 (file).
018A   0B80           00633                 DECFSZ 00H
018B   2???           00634                 GOTO ABC
018C   0008           00635                 RETURN
                      00636 
018D                  00637 RESULT
018D   3027           00638         MOVLW 27H
018E   2???           00639                 CALL send
018F   2???           00640                 CALL DELAY15
0190   3052           00641         MOVLW A'R'
0191   2???           00642                 CALL send
0192   2???           00643                 CALL DELAY15    
0193   3045           00644         MOVLW A'E'
0194   2???           00645                 CALL send
0195   2???           00646                 CALL DELAY15
0196   3053           00647         MOVLW A'S'
0197   2???           00648                 CALL send
0198   2???           00649                 CALL DELAY15    
0199   3055           00650         MOVLW A'U'
019A   2???           00651                 CALL send
019B   2???           00652                 CALL DELAY15
019C   304C           00653         MOVLW A'L'
019D   2???           00654                 CALL send
019E   2???           00655                 CALL DELAY15
019F   3054           00656         MOVLW A'T'
01A0   2???           00657                 CALL send
01A1   2???           00658                 CALL DELAY15
01A2   3027           00659         MOVLW 27H
01A3   2???           00660                 CALL send
01A4   2???           00661                 CALL DELAY15
01A5   0008           00662                 RETURN
                      00663                 
01A6                  00664 PrintNUM1
01A6   3027           00665                 MOVLW 27H
01A7   2???           00666                 CALL send
01A8   2???           00667                 CALL DELAY15
01A9   304E           00668                 MOVLW A'N'
01AA   2???           00669                 CALL send
01AB   2???           00670                 CALL DELAY15
01AC   3075           00671                 MOVLW A'u'
01AD   2???           00672                 CALL send
01AE   2???           00673                 CALL DELAY15
MPASM  5.43                          PRO1.ASM   6-20-2025  15:48:26         PAGE 15


LOC  OBJECT CODE     LINE SOURCE TEXT
  VALUE

01AF   306D           00674                 MOVLW A'm'
01B0   2???           00675                 CALL send
01B1   2???           00676                 CALL DELAY15
01B2   3062           00677                 MOVLW A'b'
01B3   2???           00678                 CALL send
01B4   2???           00679                 CALL DELAY15
01B5   3065           00680                 MOVLW A'e'
01B6   2???           00681                 CALL send
01B7   2???           00682                 CALL DELAY15
01B8   3072           00683                 MOVLW A'r'
01B9   2???           00684                 CALL send
01BA   2???           00685                 CALL DELAY15
01BB   3020           00686                 MOVLW A' '
01BC   2???           00687                 CALL send
01BD   2???           00688                 CALL DELAY15
01BE   3031           00689                 MOVLW A'1'
01BF   2???           00690                 CALL send
01C0   2???           00691                 CALL DELAY15
01C1   3027           00692                 MOVLW 27H
01C2   2???           00693                 CALL send
01C3   2???           00694                 CALL DELAY15
01C4   0008           00695                 RETURN
                      00696                 
01C5                  00697 PrintNUM2
01C5   3027           00698         MOVLW 27H
01C6   2???           00699                 CALL send
01C7   2???           00700                 CALL DELAY15
01C8   304E           00701                 MOVLW A'N'
01C9   2???           00702                 CALL send
01CA   2???           00703                 CALL DELAY15
01CB   3075           00704                 MOVLW A'u'
01CC   2???           00705                 CALL send
01CD   2???           00706                 CALL DELAY15
01CE   306D           00707                 MOVLW A'm'
01CF   2???           00708                 CALL send
01D0   2???           00709                 CALL DELAY15
01D1   3062           00710                 MOVLW A'b'
01D2   2???           00711                 CALL send
01D3   2???           00712                 CALL DELAY15
01D4   3065           00713                 MOVLW A'e'
01D5   2???           00714                 CALL send
01D6   2???           00715                 CALL DELAY15
01D7   3072           00716                 MOVLW A'r'
01D8   2???           00717                 CALL send
01D9   2???           00718                 CALL DELAY15
01DA   3020           00719                 MOVLW A' '
01DB   2???           00720                 CALL send
01DC   2???           00721                 CALL DELAY15
01DD   3032           00722                 MOVLW A'2'
01DE   2???           00723                 CALL send
01DF   2???           00724                 CALL DELAY15
01E0   3027           00725        MOVLW 27H
01E1   2???           00726                 CALL send
MPASM  5.43                          PRO1.ASM   6-20-2025  15:48:26         PAGE 16


LOC  OBJECT CODE     LINE SOURCE TEXT
  VALUE

01E2   2???           00727                 CALL DELAY15
01E3   0008           00728                 RETURN
                      00729                 
01E4                  00730 WLCMESSAGE
01E4   3057           00731                 MOVLW A'W'
01E5   2???           00732                 CALL send
01E6   2???           00733                 CALL DELAY15
01E7   3045           00734                 MOVLW A'E'
01E8   2???           00735                 CALL send
01E9   2???           00736                 CALL DELAY15
01EA   304C           00737                 MOVLW A'L'
01EB   2???           00738                 CALL send
01EC   2???           00739                 CALL DELAY15
01ED   3043           00740                 MOVLW A'C'
01EE   2???           00741                 CALL send
01EF   2???           00742                 CALL DELAY15
01F0   304F           00743                 MOVLW A'O'
01F1   2???           00744                 CALL send
01F2   2???           00745                 CALL DELAY15
01F3   304D           00746                 MOVLW A'M'
01F4   2???           00747                 CALL send
01F5   2???           00748                 CALL DELAY15
01F6   3045           00749                 MOVLW A'E'
01F7   2???           00750                 CALL send
01F8   2???           00751                 CALL DELAY15
01F9   3020           00752                 MOVLW A' '
01FA   2???           00753                 CALL send
01FB   2???           00754                 CALL DELAY15
01FC   3054           00755                 MOVLW A'T'
01FD   2???           00756                 CALL send
01FE   2???           00757                 CALL DELAY15
01FF   3030           00758                 MOVLW A'0'
0200   2???           00759                 CALL send
0201   2???           00760                 CALL DELAY15
0202   0008           00761                 RETURN
                      00762                 
0203                  00763 MULMESSAGE
0203   304D           00764                 MOVLW A'M'
0204   2???           00765                 CALL send
0205   2???           00766                 CALL DELAY15
0206   3055           00767                 MOVLW A'U'
0207   2???           00768                 CALL send
0208   2???           00769                 CALL DELAY15
0209   304C           00770                 MOVLW A'L'
020A   2???           00771                 CALL send
020B   2???           00772                 CALL DELAY15
020C   3054           00773                 MOVLW A'T'
020D   2???           00774                 CALL send
020E   2???           00775                 CALL DELAY15
020F   3049           00776                 MOVLW A'I'
0210   2???           00777                 CALL send
0211   2???           00778                 CALL DELAY15
0212   3050           00779                 MOVLW A'P'
MPASM  5.43                          PRO1.ASM   6-20-2025  15:48:26         PAGE 17


LOC  OBJECT CODE     LINE SOURCE TEXT
  VALUE

0213   2???           00780                 CALL send
0214   2???           00781                 CALL DELAY15
0215   304C           00782                 MOVLW A'L'
0216   2???           00783                 CALL send
0217   2???           00784                 CALL DELAY15
0218   3049           00785                 MOVLW A'I'
0219   2???           00786                 CALL send
021A   2???           00787                 CALL DELAY15
021B   3043           00788                 MOVLW A'C'
021C   2???           00789                 CALL send
021D   2???           00790                 CALL DELAY15
021E   3041           00791                 MOVLW A'A'
021F   2???           00792                 CALL send
0220   2???           00793                 CALL DELAY15
0221   3054           00794                 MOVLW A'T'
0222   2???           00795                 CALL send
0223   2???           00796                 CALL DELAY15
0224   3049           00797                 MOVLW A'I'
0225   2???           00798                 CALL send
0226   2???           00799                 CALL DELAY15
0227   304F           00800                 MOVLW A'O'
0228   2???           00801                 CALL send
0229   2???           00802                 CALL DELAY15
022A   304E           00803                 MOVLW A'N'
022B   2???           00804                 CALL send
022C   2???           00805                 CALL DELAY15
022D   0008           00806                 RETURN
022E                  00807 COMNWRT
                      00808 
                      00809 
022E   00C5           00810         MOVWF TEMP
022F   39F0           00811         ANDLW 0F0H
0230   0088           00812                 MOVWF LCD_DATA
0231   1008           00813                 BCF LCD_CTRL,RS
0232   1088           00814                 BCF LCD_CTRL,RW
0233   1508           00815                 BSF LCD_CTRL,EN
0234   2???           00816                 CALL SDELAY
0235   1108           00817                 BCF LCD_CTRL,EN
                      00818         
0236   2???           00819         CALL SDELAY
Message[305]: Using default destination of 1 (file).
0237   0EC5           00820                 SWAPF TEMP
0238   0845           00821         MOVF TEMP,W
0239   39F0           00822         ANDLW 0F0H
023A   0088           00823         MOVWF LCD_DATA
023B   1008           00824                 BCF LCD_CTRL,RS
023C   1088           00825                 BCF LCD_CTRL,RW
023D   1508           00826                 BSF LCD_CTRL,EN
023E   2???           00827                 CALL SDELAY
023F   1108           00828                 BCF LCD_CTRL,EN
                      00829         
0240   2???           00830         CALL SDELAY
                      00831 
MPASM  5.43                          PRO1.ASM   6-20-2025  15:48:26         PAGE 18


LOC  OBJECT CODE     LINE SOURCE TEXT
  VALUE

0241   0008           00832                 RETURN
                      00833                 
0242                  00834 send 
                      00835 
                      00836 
0242   00C5           00837                 MOVWF TEMP
0243   39F0           00838         ANDLW 0F0H
                      00839                 
0244   0088           00840                 MOVWF LCD_DATA
0245   1408           00841                 BSF LCD_CTRL,RS
0246   1088           00842                 BCF LCD_CTRL,RW
0247   1508           00843                 BSF LCD_CTRL,EN
0248   2???           00844                 CALL SDELAY
0249   1108           00845                 BCF LCD_CTRL,EN
                      00846 
024A   2???           00847         CALL SDELAY
Message[305]: Using default destination of 1 (file).
024B   0EC5           00848                 SWAPF TEMP
024C   0845           00849         MOVF TEMP,W
024D   39F0           00850         ANDLW 0F0H
                      00851             
024E   0088           00852                 MOVWF LCD_DATA
024F   1408           00853                 BSF LCD_CTRL,RS
0250   1088           00854                 BCF LCD_CTRL,RW
0251   1508           00855                 BSF LCD_CTRL,EN
0252   2???           00856                 CALL SDELAY
0253   1108           00857                 BCF LCD_CTRL,EN
                      00858                 
0254   2???           00859                 CALL SDELAY
                      00860 
0255   0008           00861                 RETURN
                      00862 
0256                  00863 DELAY25 ;25ms
0256   1683           00864                  BSF STATUS, RP0       ; Bank 1
0257   3000           00865                  MOVLW 0x00            ; Timer1 OFF
0258   0090           00866                  MOVWF T1CON           ; Load Timer1 control register
0259   3058           00867                  MOVLW 0x58            ; Load Timer1 low byte for 25 ms delay
025A   008E           00868                  MOVWF TMR1L           ; Load Timer1 low byte
025B   309E           00869                  MOVLW 0x9E            ; Load Timer1 high byte for 25 ms delay
025C   008F           00870                  MOVWF TMR1H           ; Load Timer1 high byte
025D   1283           00871                  BCF STATUS, RP0       ; Bank 0
                      00872                 
                      00873            ; Reset Timer1
025E   100C           00874                  BCF PIR1, TMR1IF     ;clear timer1 flag
025F   1410           00875                  BSF T1CON,TMR1ON      ;start timer
Warning[207]: Found label after column 1. (STAY)
0260                  00876         STAY    
0260   1C0C           00877                  BTFSS PIR1,TMR1IF     ;if timer is expired?
0261   2???           00878                  GOTO STAY
0262   0008           00879                  RETURN
                      00880                 
Warning[207]: Found label after column 1. (DELAY15)
0263                  00881  DELAY15 ;15ms
MPASM  5.43                          PRO1.ASM   6-20-2025  15:48:26         PAGE 19


LOC  OBJECT CODE     LINE SOURCE TEXT
  VALUE

0263   1683           00882                     BSF STATUS, RP0       ; Bank 1
0264   3000           00883                     MOVLW 0x00            ; Timer1 OFF
0265   0090           00884                     MOVWF T1CON           ; Load Timer1 control register
0266   3068           00885                     MOVLW 0x68           ; Load Timer1 low byte for 15 ms delay
0267   008E           00886                     MOVWF TMR1L           ; Load Timer1 low byte
0268   30C5           00887                     MOVLW 0x0C5            ; Load Timer1 high byte for 15 ms delay
0269   008F           00888                     MOVWF TMR1H           ; Load Timer1 high byte
026A   1283           00889                     BCF STATUS, RP0       ; Bank 0
                      00890                 
                      00891                     ; Reset Timer1
026B   100C           00892                     BCF PIR1, TMR1IF     ;clear timer1 flag
026C   1410           00893                     BSF T1CON,TMR1ON     ;clear timer1 flag
Warning[207]: Found label after column 1. (STAY1)
026D                  00894                 STAY1    
026D   1C0C           00895                     BTFSS PIR1,TMR1IF   ;if timer is expired?
026E   2???           00896                     GOTO STAY1
                      00897                    
026F   0008           00898                     RETURN
                      00899                 
Warning[207]: Found label after column 1. (SDELAY)
0270                  00900                 SDELAY ;1ms
0270   1683           00901                     BSF STATUS, RP0       ; Bank 1
0271   3000           00902                     MOVLW 0x00            ; Timer1 OFF
0272   0090           00903                     MOVWF T1CON           ; Load Timer1 control register
0273   3018           00904                     MOVLW 0x18           ; Load Timer1 low byte for  1ms delayM
0274   008E           00905                     MOVWF TMR1L           ; Load Timer1 low byte
0275   30FC           00906                     MOVLW 0x0FC            ; Load Timer1 high byte for 1 ms delay
0276   008F           00907                     MOVWF TMR1H           ; Load Timer1 high byte
0277   1283           00908                     BCF STATUS, RP0       ; Bank 0
                      00909                 
                      00910                     ; Reset Timer1
0278   100C           00911                     BCF PIR1, TMR1IF     ;clear timer1 flag
0279   1410           00912                     BSF T1CON,TMR1ON     ;clear timer1 flag
Warning[207]: Found label after column 1. (STAY2)
027A                  00913                 STAY2    
027A   1C0C           00914                     BTFSS PIR1,TMR1IF   ;if timer is expired?
027B   2???           00915                     GOTO STAY2
                      00916                    
027C   0008           00917                     RETURN
3FF2                  00918                     END
MPASM  5.43                          PRO1.ASM   6-20-2025  15:48:26         PAGE 20


SYMBOL TABLE
  LABEL                             VALUE 

AA                                00000005
ABC                               00000189
ACKDT                             00000005
ACKEN                             00000004
ACKSTAT                           00000006
ADCON0                            0000001F
ADCON1                            0000009F
ADCS0                             00000006
ADCS1                             00000007
ADCS2                             00000006
ADDEN                             00000003
ADFM                              00000007
ADIE                              00000006
ADIF                              00000006
ADON                              00000000
ADRESH                            0000001E
ADRESL                            0000009E
AGAIN                             00000036
BCLIE                             00000003
BCLIF                             00000003
BF                                00000000
BRGH                              00000002
C                                 00000000
C1INV                             00000004
C1OUT                             00000006
C2INV                             00000005
C2OUT                             00000007
CCP1CON                           00000017
CCP1IE                            00000002
CCP1IF                            00000002
CCP1M0                            00000000
CCP1M1                            00000001
CCP1M2                            00000002
CCP1M3                            00000003
CCP1X                             00000005
CCP1Y                             00000004
CCP2CON                           0000001D
CCP2IE                            00000000
CCP2IF                            00000000
CCP2M0                            00000000
CCP2M1                            00000001
CCP2M2                            00000002
CCP2M3                            00000003
CCP2X                             00000005
CCP2Y                             00000004
CCPR1                             00000015
CCPR1H                            00000016
CCPR1L                            00000015
CCPR2                             0000001B
CCPR2H                            0000001C
CCPR2L                            0000001B
CHS0                              00000003
CHS1                              00000004
MPASM  5.43                          PRO1.ASM   6-20-2025  15:48:26         PAGE 21


SYMBOL TABLE
  LABEL                             VALUE 

CHS2                              00000005
CIS                               00000003
CKE                               00000006
CKP                               00000004
CM0                               00000000
CM1                               00000001
CM2                               00000002
CMCON                             0000009C
CMIE                              00000006
CMIF                              00000006
COMNWRT                           0000022E
CREN                              00000004
CSRC                              00000007
CVR0                              00000000
CVR1                              00000001
CVR2                              00000002
CVR3                              00000003
CVRCON                            0000009D
CVREN                             00000007
CVROE                             00000006
CVRR                              00000005
Chk_Ack                           0000008F
Chk_Ack1                          00000096
D                                 00000005
DATA_ADDRESS                      00000005
DC                                00000001
DELAY15                           00000263
DELAY1S                           00000187
DELAY25                           00000256
DIV1                              000000A3
DIV2                              000000B6
DIV3                              000000E4
DIV4                              000000F4
D_A                               00000005
D_NOT_A                           00000005
EEADR                             0000010D
EEADRH                            0000010F
EECON1                            0000018C
EECON2                            0000018D
EEDATA                            0000010C
EEDATH                            0000010E
EEIE                              00000004
EEIF                              00000004
EEPGD                             00000007
EN                                00000002
Exit_Ten1                         0000013B
Exit_Ten2                         00000154
Exit_Unit1                        0000016D
Exit_Unit2                        00000186
F                                 00000001
FERR                              00000002
FSR                               00000004
GCEN                              00000007
MPASM  5.43                          PRO1.ASM   6-20-2025  15:48:26         PAGE 22


SYMBOL TABLE
  LABEL                             VALUE 

GIE                               00000007
GO                                00000002
GO_DONE                           00000002
GO_NOT_DONE                       00000002
I2C_DATA                          00000005
I2C_READ                          00000002
I2C_START                         00000003
I2C_STOP                          00000004
IBF                               00000007
IBOV                              00000005
INCR_TEN1                         00000130
INCR_TEN2                         00000149
INCR_UNIT1                        00000162
INCR_UNIT2                        0000017B
INDF                              00000000
INTCON                            0000000B
INTE                              00000004
INTEDG                            00000006
INTF                              00000001
IRP                               00000007
LCD_CTRL                          00000008
LCD_DATA                          00000008
MREP                              00000015
MULMESSAGE                        00000203
NOT_A                             00000005
NOT_ADDRESS                       00000005
NOT_BO                            00000000
NOT_BOR                           00000000
NOT_DONE                          00000002
NOT_PD                            00000003
NOT_POR                           00000001
NOT_RBPU                          00000007
NOT_RC8                           00000006
NOT_T1SYNC                        00000002
NOT_TO                            00000004
NOT_TX8                           00000006
NOT_W                             00000002
NOT_WRITE                         00000002
NUM1                              00000034
NUM2                              00000035
OBF                               00000006
OERR                              00000001
OPTION_REG                        00000081
P                                 00000004
PCFG0                             00000000
PCFG1                             00000001
PCFG2                             00000002
PCFG3                             00000003
PCL                               00000002
PCLATH                            0000000A
PCON                              0000008E
PEIE                              00000006
PEN                               00000002
MPASM  5.43                          PRO1.ASM   6-20-2025  15:48:26         PAGE 23


SYMBOL TABLE
  LABEL                             VALUE 

PIE1                              0000008C
PIE2                              0000008D
PIR1                              0000000C
PIR2                              0000000D
PORTA                             00000005
PORTB                             00000006
PORTC                             00000007
PORTD                             00000008
PORTE                             00000009
PR2                               00000092
PS0                               00000000
PS1                               00000001
PS2                               00000002
PSA                               00000003
PSPIE                             00000007
PSPIF                             00000007
PSPMODE                           00000004
PrintNUM1                         000001A6
PrintNUM2                         000001C5
QU                                00000040
R                                 00000002
R1                                00000036
R2                                00000037
R22                               00000042
R3                                00000038
R33                               00000043
R4                                00000039
R44                               00000044
RA0                               00000000
RA1                               00000001
RA2                               00000002
RA3                               00000003
RA4                               00000004
RA5                               00000005
RB0                               00000000
RB1                               00000001
RB2                               00000002
RB3                               00000003
RB4                               00000004
RB5                               00000005
RB6                               00000006
RB7                               00000007
RBIE                              00000003
RBIF                              00000000
RC0                               00000000
RC1                               00000001
RC2                               00000002
RC3                               00000003
RC4                               00000004
RC5                               00000005
RC6                               00000006
RC7                               00000007
RC8_9                             00000006
MPASM  5.43                          PRO1.ASM   6-20-2025  15:48:26         PAGE 24


SYMBOL TABLE
  LABEL                             VALUE 

RC9                               00000006
RCD8                              00000000
RCEN                              00000003
RCIE                              00000005
RCIF                              00000005
RCREG                             0000001A
RCSTA                             00000018
RD                                00000000
RD0                               00000000
RD1                               00000001
RD2                               00000002
RD3                               00000003
RD4                               00000004
RD5                               00000005
RD6                               00000006
RD7                               00000007
RE                                00000041
RE0                               00000000
RE1                               00000001
RE2                               00000002
READ_WRITE                        00000002
REP1                              00000013
RESET_TEN                         00000138
RESET_TEN2                        00000151
RESET_UNIT1                       0000016A
RESET_UNIT2                       00000183
RESULT                            0000018D
RP0                               00000005
RP1                               00000006
RS                                00000000
RSEN                              00000001
RW                                00000001
RX9                               00000006
RX9D                              00000000
RX_Ack                            00000007
R_NOT_W                           00000002
R_W                               00000002
Rep_ADD                           0000009D
Rep_ADD2                          000000B0
S                                 00000003
SDELAY                            00000270
SEN                               00000000
SKIP_INCR_TEN1                    0000012C
SKIP_INCR_TEN2                    00000145
SKIP_INCR_UNIT1                   0000015E
SKIP_INCR_UNIT2                   00000177
SMP                               00000007
SPBRG                             00000099
SPEN                              00000007
SREN                              00000005
SSPADD                            00000093
SSPBUF                            00000013
SSPCON                            00000014
MPASM  5.43                          PRO1.ASM   6-20-2025  15:48:26         PAGE 25


SYMBOL TABLE
  LABEL                             VALUE 

SSPCON2                           00000091
SSPEN                             00000005
SSPIE                             00000003
SSPIF                             00000003
SSPM0                             00000000
SSPM1                             00000001
SSPM2                             00000002
SSPM3                             00000003
SSPOV                             00000006
SSPSTAT                           00000094
START                             00000001
STATUS                            00000003
STAY                              00000260
STAY1                             0000026D
STAY2                             0000027A
STOP                              00000120
SYNC                              00000004
T0CS                              00000005
T0IE                              00000005
T0IF                              00000002
T0SE                              00000004
T1                                00000030
T1CKPS0                           00000004
T1CKPS1                           00000005
T1CON                             00000010
T1INSYNC                          00000002
T1OSCEN                           00000003
T1SYNC                            00000002
T2                                00000032
T2CKPS0                           00000000
T2CKPS1                           00000001
T2CON                             00000012
TEMP                              00000045
TEN1                              00000123
TEN2                              0000013C
TMR0                              00000001
TMR0IE                            00000005
TMR0IF                            00000002
TMR1CS                            00000001
TMR1H                             0000000F
TMR1IE                            00000000
TMR1IF                            00000000
TMR1L                             0000000E
TMR1ON                            00000000
TMR2                              00000011
TMR2IE                            00000001
TMR2IF                            00000001
TMR2ON                            00000002
TOUTPS0                           00000003
TOUTPS1                           00000004
TOUTPS2                           00000005
TOUTPS3                           00000006
TRISA                             00000085
MPASM  5.43                          PRO1.ASM   6-20-2025  15:48:26         PAGE 26


SYMBOL TABLE
  LABEL                             VALUE 

TRISA0                            00000000
TRISA1                            00000001
TRISA2                            00000002
TRISA3                            00000003
TRISA4                            00000004
TRISA5                            00000005
TRISB                             00000086
TRISB0                            00000000
TRISB1                            00000001
TRISB2                            00000002
TRISB3                            00000003
TRISB4                            00000004
TRISB5                            00000005
TRISB6                            00000006
TRISB7                            00000007
TRISC                             00000087
TRISC0                            00000000
TRISC1                            00000001
TRISC2                            00000002
TRISC3                            00000003
TRISC4                            00000004
TRISC5                            00000005
TRISC6                            00000006
TRISC7                            00000007
TRISD                             00000088
TRISD0                            00000000
TRISD1                            00000001
TRISD2                            00000002
TRISD3                            00000003
TRISD4                            00000004
TRISD5                            00000005
TRISD6                            00000006
TRISD7                            00000007
TRISE                             00000089
TRISE0                            00000000
TRISE1                            00000001
TRISE2                            00000002
TRMT                              00000001
TX8_9                             00000006
TX9                               00000006
TX9D                              00000000
TXD8                              00000000
TXEN                              00000005
TXIE                              00000004
TXIF                              00000004
TXREG                             00000019
TXSTA                             00000098
TX_Ack                            00000006
U1                                00000031
U2                                00000033
UA                                00000001
UNIT1                             00000155
UNIT2                             0000016E
MPASM  5.43                          PRO1.ASM   6-20-2025  15:48:26         PAGE 27


SYMBOL TABLE
  LABEL                             VALUE 

W                                 00000000
WCOL                              00000007
WLCMESSAGE                        000001E4
WR                                00000001
WREN                              00000002
WRERR                             00000003
Z                                 00000002
_BODEN_OFF                        00003FBF
_BODEN_ON                         00003FFF
_BOREN_OFF                        00003FBF
_BOREN_ON                         00003FFF
_CONFIG                           00002007
_CPD_OFF                          00003FFF
_CPD_ON                           00003EFF
_CP_ALL                           00001FFF
_CP_OFF                           00003FFF
_CP_ON                            00001FFF
_DEBUG_OFF                        00003FFF
_DEBUG_ON                         000037FF
_DEVID1                           00002006
_FOSC_EXTRC                       00003FFF
_FOSC_HS                          00003FFE
_FOSC_LP                          00003FFC
_FOSC_XT                          00003FFD
_HS_OSC                           00003FFE
_IDLOC0                           00002000
_IDLOC1                           00002001
_IDLOC2                           00002002
_IDLOC3                           00002003
_LP_OSC                           00003FFC
_LVP_OFF                          00003F7F
_LVP_ON                           00003FFF
_PWRTE_OFF                        00003FFF
_PWRTE_ON                         00003FF7
_RC_OSC                           00003FFF
_WDTE_OFF                         00003FFB
_WDTE_ON                          00003FFF
_WDT_OFF                          00003FFB
_WDT_ON                           00003FFF
_WRT_1FOURTH                      00003BFF
_WRT_256                          00003DFF
_WRT_HALF                         000039FF
_WRT_OFF                          00003FFF
_XT_OSC                           00003FFD
__16F877A                         00000001
__DEBUG                           1
chck_Ack2                         000000C6
chck_Ack3                         000000CB
chck_Ack4                         000000CE
chck_Ack5                         000000D3
chck_Ack6                         000000D6
chck_Ack7                         000000DB
send                              00000242
MPASM  5.43                          PRO1.ASM   6-20-2025  15:48:26         PAGE 28






Errors   :     0
Warnings :    32 reported,     0 suppressed
Messages :    31 reported,     0 suppressed

