Warning[207] C:\USERS\DIANA\DESKTOP\PROJECTTHREE\PRO1.ASM 15 : Found label after column 1. (LCD_DATA)
Warning[207] C:\USERS\DIANA\DESKTOP\PROJECTTHREE\PRO1.ASM 16 : Found label after column 1. (LCD_CTRL)
Warning[207] C:\USERS\DIANA\DESKTOP\PROJECTTHREE\PRO1.ASM 17 : Found label after column 1. (RS)
Warning[207] C:\USERS\DIANA\DESKTOP\PROJECTTHREE\PRO1.ASM 18 : Found label after column 1. (RW)
Warning[207] C:\USERS\DIANA\DESKTOP\PROJECTTHREE\PRO1.ASM 19 : Found label after column 1. (EN)
Warning[207] C:\USERS\DIANA\DESKTOP\PROJECTTHREE\PRO1.ASM 21 : Found label after column 1. (T1)
Warning[207] C:\USERS\DIANA\DESKTOP\PROJECTTHREE\PRO1.ASM 22 : Found label after column 1. (U1)
Warning[207] C:\USERS\DIANA\DESKTOP\PROJECTTHREE\PRO1.ASM 23 : Found label after column 1. (T2)
Warning[207] C:\USERS\DIANA\DESKTOP\PROJECTTHREE\PRO1.ASM 24 : Found label after column 1. (U2)
Warning[207] C:\USERS\DIANA\DESKTOP\PROJECTTHREE\PRO1.ASM 25 : Found label after column 1. (NUM1)
Warning[207] C:\USERS\DIANA\DESKTOP\PROJECTTHREE\PRO1.ASM 26 : Found label after column 1. (NUM2)
Warning[207] C:\USERS\DIANA\DESKTOP\PROJECTTHREE\PRO1.ASM 27 : Found label after column 1. (R1)
Warning[207] C:\USERS\DIANA\DESKTOP\PROJECTTHREE\PRO1.ASM 28 : Found label after column 1. (R2)
Warning[207] C:\USERS\DIANA\DESKTOP\PROJECTTHREE\PRO1.ASM 29 : Found label after column 1. (R3)
Warning[207] C:\USERS\DIANA\DESKTOP\PROJECTTHREE\PRO1.ASM 30 : Found label after column 1. (R4)
Warning[207] C:\USERS\DIANA\DESKTOP\PROJECTTHREE\PRO1.ASM 31 : Found label after column 1. (QU)
Warning[207] C:\USERS\DIANA\DESKTOP\PROJECTTHREE\PRO1.ASM 32 : Found label after column 1. (RE)
Warning[207] C:\USERS\DIANA\DESKTOP\PROJECTTHREE\PRO1.ASM 33 : Found label after column 1. (R22)
Warning[207] C:\USERS\DIANA\DESKTOP\PROJECTTHREE\PRO1.ASM 34 : Found label after column 1. (R33)
Warning[207] C:\USERS\DIANA\DESKTOP\PROJECTTHREE\PRO1.ASM 35 : Found label after column 1. (R44)
Warning[207] C:\USERS\DIANA\DESKTOP\PROJECTTHREE\PRO1.ASM 36 : Found label after column 1. (TEMP)
Warning[207] C:\USERS\DIANA\DESKTOP\PROJECTTHREE\PRO1.ASM 37 : Found label after column 1. (AA)
Warning[207] C:\USERS\DIANA\DESKTOP\PROJECTTHREE\PRO1.ASM 39 : Found label after column 1. (TX_Ack)
Warning[207] C:\USERS\DIANA\DESKTOP\PROJECTTHREE\PRO1.ASM 40 : Found label after column 1. (RX_Ack)
Message[302] C:\USERS\DIANA\DESKTOP\PROJECTTHREE\PRO1.ASM 49 : Register in operand not in bank 0.  Ensure that bank bits are correct.
Message[302] C:\USERS\DIANA\DESKTOP\PROJECTTHREE\PRO1.ASM 50 : Register in operand not in bank 0.  Ensure that bank bits are correct.
Message[302] C:\USERS\DIANA\DESKTOP\PROJECTTHREE\PRO1.ASM 51 : Register in operand not in bank 0.  Ensure that bank bits are correct.
Message[305] C:\USERS\DIANA\DESKTOP\PROJECTTHREE\PRO1.ASM 94 : Using default destination of 1 (file).
Message[302] C:\USERS\DIANA\DESKTOP\PROJECTTHREE\PRO1.ASM 115 : Register in operand not in bank 0.  Ensure that bank bits are correct.
Message[302] C:\USERS\DIANA\DESKTOP\PROJECTTHREE\PRO1.ASM 116 : Register in operand not in bank 0.  Ensure that bank bits are correct.
Message[302] C:\USERS\DIANA\DESKTOP\PROJECTTHREE\PRO1.ASM 117 : Register in operand not in bank 0.  Ensure that bank bits are correct.
Message[305] C:\USERS\DIANA\DESKTOP\PROJECTTHREE\PRO1.ASM 200 : Using default destination of 1 (file).
Warning[207] C:\USERS\DIANA\DESKTOP\PROJECTTHREE\PRO1.ASM 241 : Found label after column 1. (Chk_Ack)
Warning[207] C:\USERS\DIANA\DESKTOP\PROJECTTHREE\PRO1.ASM 253 : Found label after column 1. (Chk_Ack1)
Message[305] C:\USERS\DIANA\DESKTOP\PROJECTTHREE\PRO1.ASM 270 : Using default destination of 1 (file).
Message[305] C:\USERS\DIANA\DESKTOP\PROJECTTHREE\PRO1.ASM 278 : Using default destination of 1 (file).
Message[305] C:\USERS\DIANA\DESKTOP\PROJECTTHREE\PRO1.ASM 283 : Using default destination of 1 (file).
Message[305] C:\USERS\DIANA\DESKTOP\PROJECTTHREE\PRO1.ASM 298 : Using default destination of 1 (file).
Message[305] C:\USERS\DIANA\DESKTOP\PROJECTTHREE\PRO1.ASM 306 : Using default destination of 1 (file).
Message[305] C:\USERS\DIANA\DESKTOP\PROJECTTHREE\PRO1.ASM 311 : Using default destination of 1 (file).
Message[305] C:\USERS\DIANA\DESKTOP\PROJECTTHREE\PRO1.ASM 319 : Using default destination of 1 (file).
Message[302] C:\USERS\DIANA\DESKTOP\PROJECTTHREE\PRO1.ASM 325 : Register in operand not in bank 0.  Ensure that bank bits are correct.
Message[305] C:\USERS\DIANA\DESKTOP\PROJECTTHREE\PRO1.ASM 381 : Using default destination of 1 (file).
Message[305] C:\USERS\DIANA\DESKTOP\PROJECTTHREE\PRO1.ASM 385 : Using default destination of 1 (file).
Message[305] C:\USERS\DIANA\DESKTOP\PROJECTTHREE\PRO1.ASM 407 : Using default destination of 1 (file).
Message[305] C:\USERS\DIANA\DESKTOP\PROJECTTHREE\PRO1.ASM 411 : Using default destination of 1 (file).
Message[305] C:\USERS\DIANA\DESKTOP\PROJECTTHREE\PRO1.ASM 493 : Using default destination of 1 (file).
Message[305] C:\USERS\DIANA\DESKTOP\PROJECTTHREE\PRO1.ASM 499 : Using default destination of 1 (file).
Message[305] C:\USERS\DIANA\DESKTOP\PROJECTTHREE\PRO1.ASM 530 : Using default destination of 1 (file).
Message[305] C:\USERS\DIANA\DESKTOP\PROJECTTHREE\PRO1.ASM 536 : Using default destination of 1 (file).
Message[305] C:\USERS\DIANA\DESKTOP\PROJECTTHREE\PRO1.ASM 567 : Using default destination of 1 (file).
Message[305] C:\USERS\DIANA\DESKTOP\PROJECTTHREE\PRO1.ASM 573 : Using default destination of 1 (file).
Message[305] C:\USERS\DIANA\DESKTOP\PROJECTTHREE\PRO1.ASM 604 : Using default destination of 1 (file).
Message[305] C:\USERS\DIANA\DESKTOP\PROJECTTHREE\PRO1.ASM 610 : Using default destination of 1 (file).
Warning[207] C:\USERS\DIANA\DESKTOP\PROJECTTHREE\PRO1.ASM 631 : Found label after column 1. (ABC)
Message[305] C:\USERS\DIANA\DESKTOP\PROJECTTHREE\PRO1.ASM 633 : Using default destination of 1 (file).
Message[305] C:\USERS\DIANA\DESKTOP\PROJECTTHREE\PRO1.ASM 820 : Using default destination of 1 (file).
Message[305] C:\USERS\DIANA\DESKTOP\PROJECTTHREE\PRO1.ASM 848 : Using default destination of 1 (file).
Warning[207] C:\USERS\DIANA\DESKTOP\PROJECTTHREE\PRO1.ASM 876 : Found label after column 1. (STAY)
Warning[207] C:\USERS\DIANA\DESKTOP\PROJECTTHREE\PRO1.ASM 881 : Found label after column 1. (DELAY15)
Warning[207] C:\USERS\DIANA\DESKTOP\PROJECTTHREE\PRO1.ASM 894 : Found label after column 1. (STAY1)
Warning[207] C:\USERS\DIANA\DESKTOP\PROJECTTHREE\PRO1.ASM 900 : Found label after column 1. (SDELAY)
Warning[207] C:\USERS\DIANA\DESKTOP\PROJECTTHREE\PRO1.ASM 913 : Found label after column 1. (STAY2)
