Warning[205] C:\USERS\DIANA\DESKTOP\PROJECTTHREE\PRO2.ASM 5 : Found directive in column 1. (ORG)
Warning[207] C:\USERS\DIANA\DESKTOP\PROJECTTHREE\PRO2.ASM 7 : Found label after column 1. (T1)
Warning[207] C:\USERS\DIANA\DESKTOP\PROJECTTHREE\PRO2.ASM 8 : Found label after column 1. (U1)
Warning[207] C:\USERS\DIANA\DESKTOP\PROJECTTHREE\PRO2.ASM 9 : Found label after column 1. (U2)
Warning[207] C:\USERS\DIANA\DESKTOP\PROJECTTHREE\PRO2.ASM 10 : Found label after column 1. (N1)
Warning[207] C:\USERS\DIANA\DESKTOP\PROJECTTHREE\PRO2.ASM 11 : Found label after column 1. (QU)
Warning[207] C:\USERS\DIANA\DESKTOP\PROJECTTHREE\PRO2.ASM 12 : Found label after column 1. (RE)
Warning[207] C:\USERS\DIANA\DESKTOP\PROJECTTHREE\PRO2.ASM 13 : Found label after column 1. (R1)
Warning[207] C:\USERS\DIANA\DESKTOP\PROJECTTHREE\PRO2.ASM 14 : Found label after column 1. (R2)
Warning[207] C:\USERS\DIANA\DESKTOP\PROJECTTHREE\PRO2.ASM 15 : Found label after column 1. (R3)
Warning[207] C:\USERS\DIANA\DESKTOP\PROJECTTHREE\PRO2.ASM 17 : Found label after column 1. (TX_Ack)
Warning[207] C:\USERS\DIANA\DESKTOP\PROJECTTHREE\PRO2.ASM 18 : Found label after column 1. (RX_Ack)
Message[302] C:\USERS\DIANA\DESKTOP\PROJECTTHREE\PRO2.ASM 23 : Register in operand not in bank 0.  Ensure that bank bits are correct.
Message[302] C:\USERS\DIANA\DESKTOP\PROJECTTHREE\PRO2.ASM 25 : Register in operand not in bank 0.  Ensure that bank bits are correct.
Message[302] C:\USERS\DIANA\DESKTOP\PROJECTTHREE\PRO2.ASM 26 : Register in operand not in bank 0.  Ensure that bank bits are correct.
Message[305] C:\USERS\DIANA\DESKTOP\PROJECTTHREE\PRO2.ASM 78 : Using default destination of 1 (file).
Message[305] C:\USERS\DIANA\DESKTOP\PROJECTTHREE\PRO2.ASM 85 : Using default destination of 1 (file).
Message[305] C:\USERS\DIANA\DESKTOP\PROJECTTHREE\PRO2.ASM 90 : Using default destination of 1 (file).
Message[305] C:\USERS\DIANA\DESKTOP\PROJECTTHREE\PRO2.ASM 106 : Using default destination of 1 (file).
Message[305] C:\USERS\DIANA\DESKTOP\PROJECTTHREE\PRO2.ASM 113 : Using default destination of 1 (file).
Message[305] C:\USERS\DIANA\DESKTOP\PROJECTTHREE\PRO2.ASM 118 : Using default destination of 1 (file).
Message[305] C:\USERS\DIANA\DESKTOP\PROJECTTHREE\PRO2.ASM 126 : Using default destination of 1 (file).
Message[302] C:\USERS\DIANA\DESKTOP\PROJECTTHREE\PRO2.ASM 133 : Register in operand not in bank 0.  Ensure that bank bits are correct.
Warning[207] C:\USERS\DIANA\DESKTOP\PROJECTTHREE\PRO2.ASM 140 : Found label after column 1. (Chk_Ack4)
Warning[207] C:\USERS\DIANA\DESKTOP\PROJECTTHREE\PRO2.ASM 152 : Found label after column 1. (Chk_Ack5)
Warning[207] C:\USERS\DIANA\DESKTOP\PROJECTTHREE\PRO2.ASM 164 : Found label after column 1. (Chk_Ack6)
Warning[207] C:\USERS\DIANA\DESKTOP\PROJECTTHREE\PRO2.ASM 189 : Found label after column 1. (STAY)
Warning[205] C:\USERS\DIANA\DESKTOP\PROJECTTHREE\PRO2.ASM 194 : Found directive in column 1. (end)
